<?xml version="1.0" encoding="UTF-8"?>
<!-- Generated by org.testng.reporters.JUnitReportReporter -->
<testsuite hostname="DESKTOP-1N5RRAI" failures="0" tests="1" name="findingElements.ContextMenu" time="0.478" errors="0" timestamp="2022-04-16T05:26:17 EET" skipped="0">
  <testcase classname="findingElements.ContextMenu" name="testContextMenu" time="0.478"/>
  <system-out/>
</testsuite> <!-- findingElements.ContextMenu -->
