<?xml version="1.0" encoding="UTF-8"?>
<!-- Generated by org.testng.reporters.JUnitReportReporter -->
<testsuite hostname="DESKTOP-1N5RRAI" failures="0" tests="2" name="findingElements.FindElementBytagName" time="1.087" errors="0" timestamp="2022-04-10T05:37:21 EET" skipped="0">
  <testcase classname="findingElements.FindElementBytagName" name="clickSortableDataTableslink" time="0.954"/>
  <system-out/>
  <testcase classname="findingElements.FindElementBytagName" name="getFirstTableRowsNumber" time="0.133"/>
  <system-out/>
</testsuite> <!-- findingElements.FindElementBytagName -->
