<?xml version="1.0" encoding="UTF-8"?>
<!-- Generated by org.testng.reporters.JUnitReportReporter -->
<testsuite hostname="DESKTOP-1N5RRAI" failures="0" tests="1" name="findingElements.TestCookies" time="0.807" errors="0" timestamp="2022-04-11T11:46:55 EET" skipped="0">
  <testcase classname="findingElements.TestCookies" name="testCookies" time="0.807"/>
  <system-out/>
</testsuite> <!-- findingElements.TestCookies -->
