<?xml version="1.0" encoding="UTF-8"?>
<!-- Generated by org.testng.reporters.JUnitReportReporter -->
<testsuite hostname="DESKTOP-1N5RRAI" failures="0" tests="1" name="findingElements.DoublClickWithActions" time="0.287" errors="0" timestamp="2022-04-10T17:55:42 EET" skipped="0">
  <testcase classname="findingElements.DoublClickWithActions" name="DoubleClickTest" time="0.287"/>
  <system-out/>
</testsuite> <!-- findingElements.DoublClickWithActions -->
