<?xml version="1.0" encoding="UTF-8"?>
<!-- Generated by org.testng.reporters.JUnitReportReporter -->
<testsuite hostname="DESKTOP-1N5RRAI" failures="0" tests="1" name="findingElements.TestFrames" time="0.195" errors="0" timestamp="2022-04-12T08:05:39 EET" skipped="0">
  <testcase classname="findingElements.TestFrames" name="TestWindoFrame" time="0.195"/>
  <system-out/>
</testsuite> <!-- findingElements.TestFrames -->
