<?xml version="1.0" encoding="UTF-8"?>
<!-- Generated by org.testng.reporters.JUnitReportReporter -->
<testsuite hostname="DESKTOP-1N5RRAI" failures="0" tests="1" name="findingElements.TestJavascriptCalls" time="0.054" errors="0" timestamp="2022-04-16T02:07:16 EET" skipped="0">
  <testcase classname="findingElements.TestJavascriptCalls" name="testJavaScriptCalls" time="0.054"/>
  <system-out/>
</testsuite> <!-- findingElements.TestJavascriptCalls -->
