<?xml version="1.0" encoding="UTF-8"?>
<!-- Generated by org.testng.reporters.JUnitReportReporter -->
<testsuite hostname="DESKTOP-1N5RRAI" failures="0" tests="2" name="findingElements.ConfirmAndDismissAlert" time="0.548" errors="0" timestamp="2022-04-11T09:23:57 EET" skipped="0">
  <testcase classname="findingElements.ConfirmAndDismissAlert" name="confirmAlert" time="0.353"/>
  <system-out/>
  <testcase classname="findingElements.ConfirmAndDismissAlert" name="dismissAlert" time="0.195"/>
  <system-out/>
</testsuite> <!-- findingElements.ConfirmAndDismissAlert -->
