<?xml version="1.0" encoding="UTF-8"?>
<!-- Generated by org.testng.reporters.JUnitReportReporter -->
<testsuite hostname="DESKTOP-1N5RRAI" failures="0" tests="1" name="findingElements.DragAndDrop" time="0.407" errors="0" timestamp="2022-04-11T08:40:00 EET" skipped="0">
  <testcase classname="findingElements.DragAndDrop" name="dragAndDropAction" time="0.407"/>
  <system-out/>
</testsuite> <!-- findingElements.DragAndDrop -->
