<?xml version="1.0" encoding="UTF-8"?>
<!-- Generated by org.testng.reporters.JUnitReportReporter -->
<testsuite hostname="DESKTOP-1N5RRAI" failures="0" tests="1" name="findingElements.TakeScreenShots" time="5.443" errors="0" timestamp="2022-04-16T06:29:26 EET" skipped="0">
  <testcase classname="findingElements.TakeScreenShots" name="testScreenshot" time="5.443"/>
  <system-out/>
</testsuite> <!-- findingElements.TakeScreenShots -->
