<?xml version="1.0" encoding="UTF-8"?>
<!-- Generated by org.testng.reporters.JUnitReportReporter -->
<testsuite hostname="DESKTOP-1N5RRAI" failures="0" tests="1" name="findingElements.ScrollToBottomUsingJavascript" time="0.415" errors="0" timestamp="2022-04-16T02:20:46 EET" skipped="0">
  <testcase classname="findingElements.ScrollToBottomUsingJavascript" name="TestScrollWithJS" time="0.415"/>
  <system-out/>
</testsuite> <!-- findingElements.ScrollToBottomUsingJavascript -->
