<?xml version="1.0" encoding="UTF-8"?>
<!-- Generated by org.testng.reporters.JUnitReportReporter -->
<testsuite hostname="DESKTOP-1N5RRAI" failures="0" tests="3" name="findingElements.CheckBox" time="0.608" errors="0" timestamp="2022-04-10T17:08:18 EET" skipped="1">
  <testcase classname="findingElements.CheckBox" name="goToTheCheckboxPage" time="0.467"/>
  <system-out/>
  <testcase classname="findingElements.CheckBox" name="checkElementIsPresent" time="0.141"/>
  <system-out/>
  <testcase classname="findingElements.CheckBox" name="checkTheBox">
    <skipped/>
  </testcase> <!-- checkTheBox -->
  <system-out/>
</testsuite> <!-- findingElements.CheckBox -->
