<?xml version="1.0" encoding="UTF-8"?>
<!-- Generated by org.testng.reporters.JUnitReportReporter -->
<testsuite hostname="DESKTOP-1N5RRAI" failures="0" tests="1" name="findingElements.DropdownTests" time="3.716" errors="0" timestamp="2022-04-25T08:20:09 EET" skipped="0">
  <testcase classname="findingElements.DropdownTests" name="selectOptionFromDropDown" time="3.716"/>
  <system-out/>
</testsuite> <!-- findingElements.DropdownTests -->
