<?xml version="1.0" encoding="UTF-8"?>
<!-- Generated by org.testng.reporters.JUnitReportReporter -->
<testsuite hostname="DESKTOP-1N5RRAI" failures="0" tests="1" name="findingElements.ExplicitWait" time="2.858" errors="0" timestamp="2022-04-12T06:54:28 EET" skipped="0">
  <testcase classname="findingElements.ExplicitWait" name="TrstExplicitWait" time="2.858"/>
  <system-out/>
</testsuite> <!-- findingElements.ExplicitWait -->
