<?xml version="1.0" encoding="UTF-8"?>
<!-- Generated by org.testng.reporters.JUnitReportReporter -->
<testsuite hostname="DESKTOP-1N5RRAI" failures="0" tests="2" name="findingElements.HandlingMultipleWindows" time="1.313" errors="0" timestamp="2022-04-11T11:26:37 EET" skipped="0">
  <testcase classname="findingElements.HandlingMultipleWindows" name="testWindowUsingTitle" time="0.769"/>
  <system-out/>
  <testcase classname="findingElements.HandlingMultipleWindows" name="testWindoUsingName" time="0.544"/>
  <system-out/>
</testsuite> <!-- findingElements.HandlingMultipleWindows -->
