<?xml version="1.0" encoding="UTF-8"?>
<!-- Generated by org.testng.reporters.JUnitReportReporter -->
<testsuite hostname="DESKTOP-1N5RRAI" failures="0" tests="2" name="findingElements.GetTheLinkAndPartialLink" time="0.749" errors="0" timestamp="2022-04-10T06:46:51 EET" skipped="0">
  <testcase classname="findingElements.GetTheLinkAndPartialLink" name="getlinkText" time="0.246"/>
  <system-out/>
  <testcase classname="findingElements.GetTheLinkAndPartialLink" name="getPartialLinkText" time="0.503"/>
  <system-out/>
</testsuite> <!-- findingElements.GetTheLinkAndPartialLink -->
