<?xml version="1.0" encoding="UTF-8"?>
<!-- Generated by org.testng.reporters.JUnitReportReporter -->
<testsuite hostname="DESKTOP-1N5RRAI" failures="0" tests="1" name="findingElements.PrompetAlert" time="0.240" errors="0" timestamp="2022-04-11T09:19:03 EET" skipped="0">
  <testcase classname="findingElements.PrompetAlert" name="promptAlert" time="0.240"/>
  <system-out/>
</testsuite> <!-- findingElements.PrompetAlert -->
