<?xml version="1.0" encoding="UTF-8"?>
<!-- Generated by org.testng.reporters.JUnitReportReporter -->
<testsuite hostname="DESKTOP-1N5RRAI" failures="0" tests="1" name="findingElements.DealingWithJavascriptAlert" time="0.161" errors="0" timestamp="2022-04-11T09:05:29 EET" skipped="0">
  <testcase classname="findingElements.DealingWithJavascriptAlert" name="showAlertBox" time="0.161"/>
  <system-out/>
</testsuite> <!-- findingElements.DealingWithJavascriptAlert -->
