<?xml version="1.0" encoding="UTF-8"?>
<!-- Generated by org.testng.reporters.JUnitReportReporter -->
<testsuite hostname="DESKTOP-1N5RRAI" failures="0" tests="1" name="findingElements.ImplicityWait" time="0.428" errors="0" timestamp="2022-04-11T15:24:06 EET" skipped="0">
  <testcase classname="findingElements.ImplicityWait" name="testImplicityWait" time="0.428"/>
  <system-out/>
</testsuite> <!-- findingElements.ImplicityWait -->
